<?xml version="1.0" encoding="UTF-8"?>
<!-- Generated by org.testng.reporters.JUnitReportReporter -->
<testsuite hostname="ISSLSupport" failures="0" tests="1" name="test.signupT" time="4.882" errors="0" timestamp="2023-06-17T15:54:00 WAT" skipped="0">
  <testcase classname="test.signupT" name="signup" time="4.882"/>
  <system-out/>
</testsuite> <!-- test.signupT -->
